2025-04-11 21:48:55,855 INFO o.a.j.u.JMeterUtils: Setting Locale to en_EN
2025-04-11 21:48:55,871 INFO o.a.j.JMeter: Loading additional properties from: C:\Users\romad\OneDrive\Рабочий стол\1\apache-jmeter-5.6.3\bin\jmeter.properties
2025-04-11 21:48:55,877 INFO o.a.j.JMeter: Copyright (c) 1998-2024 The Apache Software Foundation
2025-04-11 21:48:55,877 INFO o.a.j.JMeter: Version 5.6.3
2025-04-11 21:48:55,877 INFO o.a.j.JMeter: java.version=24
2025-04-11 21:48:55,877 INFO o.a.j.JMeter: java.vm.name=Java HotSpot(TM) 64-Bit Server VM
2025-04-11 21:48:55,877 INFO o.a.j.JMeter: os.name=Windows 11
2025-04-11 21:48:55,877 INFO o.a.j.JMeter: os.arch=amd64
2025-04-11 21:48:55,877 INFO o.a.j.JMeter: os.version=10.0
2025-04-11 21:48:55,878 INFO o.a.j.JMeter: file.encoding=UTF-8
2025-04-11 21:48:55,878 INFO o.a.j.JMeter: java.awt.headless=true
2025-04-11 21:48:55,878 INFO o.a.j.JMeter: Max memory     =1073741824
2025-04-11 21:48:55,878 INFO o.a.j.JMeter: Available Processors =12
2025-04-11 21:48:55,889 INFO o.a.j.JMeter: Default Locale=English (EN)
2025-04-11 21:48:55,890 INFO o.a.j.JMeter: JMeter  Locale=English (EN)
2025-04-11 21:48:55,890 INFO o.a.j.JMeter: JMeterHome=C:\Users\romad\OneDrive\Рабочий стол\1\apache-jmeter-5.6.3
2025-04-11 21:48:55,890 INFO o.a.j.JMeter: user.dir  =C:\JMeterTask19
2025-04-11 21:48:55,890 INFO o.a.j.JMeter: PWD       =C:\JMeterTask19
2025-04-11 21:48:55,895 INFO o.a.j.JMeter: IP: 192.168.0.140 Name: NekoTyan FullName: NekoTyan
2025-04-11 21:48:55,906 INFO o.a.j.JMeter: Setting property 'jmeter.reportgenerator.outputdir' to:'C:\JMeterTask19\report'
2025-04-11 21:48:55,909 INFO o.a.j.s.FileServer: Default base='C:\JMeterTask19'
2025-04-11 21:48:55,909 INFO o.a.j.s.FileServer: Set new base='C:\JMeterTask19'
2025-04-11 21:48:56,130 INFO o.a.j.s.SaveService: Testplan (JMX) version: 2.2. Testlog (JTL) version: 2.2
2025-04-11 21:48:56,160 INFO o.a.j.s.SaveService: Using SaveService properties version 5.0
2025-04-11 21:48:56,163 INFO o.a.j.s.SaveService: Using SaveService properties file encoding UTF-8
2025-04-11 21:48:56,166 INFO o.a.j.s.SaveService: Loading file: mantis_full_test_plan.jmx
2025-04-11 21:48:56,211 INFO o.a.j.p.h.c.CookieManager: Settings: Delete null: true Check: true Allow variable: true Save: false Prefix: COOKIE_
2025-04-11 21:48:56,228 INFO o.a.j.p.h.s.HTTPSamplerBase: Parser for text/html is org.apache.jmeter.protocol.http.parser.LagartoBasedHtmlParser
2025-04-11 21:48:56,229 INFO o.a.j.p.h.s.HTTPSamplerBase: Parser for application/xhtml+xml is org.apache.jmeter.protocol.http.parser.LagartoBasedHtmlParser
2025-04-11 21:48:56,229 INFO o.a.j.p.h.s.HTTPSamplerBase: Parser for application/xml is org.apache.jmeter.protocol.http.parser.LagartoBasedHtmlParser
2025-04-11 21:48:56,229 INFO o.a.j.p.h.s.HTTPSamplerBase: Parser for text/xml is org.apache.jmeter.protocol.http.parser.LagartoBasedHtmlParser
2025-04-11 21:48:56,229 INFO o.a.j.p.h.s.HTTPSamplerBase: Parser for text/vnd.wap.wml is org.apache.jmeter.protocol.http.parser.RegexpHTMLParser
2025-04-11 21:48:56,229 INFO o.a.j.p.h.s.HTTPSamplerBase: Parser for text/css is org.apache.jmeter.protocol.http.parser.CssParser
2025-04-11 21:48:56,242 INFO o.a.j.JMeter: Creating summariser <summary>
2025-04-11 21:48:56,251 INFO o.a.j.r.d.ReportGenerator: ReportGenerator will use for Parsing the separator: ','
2025-04-11 21:48:56,251 INFO o.a.j.r.d.ReportGenerator: Will generate report at end of test from  results file: result.jtl
2025-04-11 21:48:56,251 INFO o.a.j.r.d.ReportGenerator: Reading report generator properties from: C:\Users\romad\OneDrive\Рабочий стол\1\apache-jmeter-5.6.3\bin\reportgenerator.properties
2025-04-11 21:48:56,253 INFO o.a.j.r.d.ReportGenerator: Merging with JMeter properties
2025-04-11 21:48:56,256 INFO o.a.j.r.c.ReportGeneratorConfiguration: Property 'jmeter.reportgenerator.temp_dir' not found, using default value 'temp' instead.
2025-04-11 21:48:56,259 INFO o.a.j.r.c.ReportGeneratorConfiguration: Property 'jmeter.reportgenerator.apdex_per_transaction' not found, using default value 'null' instead.
2025-04-11 21:48:56,259 INFO o.a.j.r.c.ReportGeneratorConfiguration: apdex_per_transaction is empty, not APDEX per transaction customization
2025-04-11 21:48:56,259 INFO o.a.j.r.c.ReportGeneratorConfiguration: Property 'jmeter.reportgenerator.sample_filter' not found, using default value 'null' instead.
2025-04-11 21:48:56,259 INFO o.a.j.r.c.ReportGeneratorConfiguration: Property 'jmeter.reportgenerator.report_title' not found, using default value 'null' instead.
2025-04-11 21:48:56,259 INFO o.a.j.r.c.ReportGeneratorConfiguration: Property 'jmeter.reportgenerator.start_date' not found, using default value 'null' instead.
2025-04-11 21:48:56,259 INFO o.a.j.r.c.ReportGeneratorConfiguration: Property 'jmeter.reportgenerator.end_date' not found, using default value 'null' instead.
2025-04-11 21:48:56,259 INFO o.a.j.r.c.ReportGeneratorConfiguration: Property 'jmeter.reportgenerator.date_format' not found, using default value 'null' instead.
2025-04-11 21:48:56,259 INFO o.a.j.r.c.ReportGeneratorConfiguration: Will use date range start date: null, end date: null
2025-04-11 21:48:56,262 INFO o.a.j.r.c.ReportGeneratorConfiguration: Property 'jmeter.reportgenerator.graph.totalTPS.exclude_controllers' not found, using default value 'false' instead.
2025-04-11 21:48:56,263 INFO o.a.j.r.c.ReportGeneratorConfiguration: Property 'jmeter.reportgenerator.graph.activeThreadsOverTime.exclude_controllers' not found, using default value 'false' instead.
2025-04-11 21:48:56,263 INFO o.a.j.r.c.ReportGeneratorConfiguration: Property 'jmeter.reportgenerator.graph.timeVsThreads.exclude_controllers' not found, using default value 'false' instead.
2025-04-11 21:48:56,263 INFO o.a.j.r.c.ReportGeneratorConfiguration: Property 'jmeter.reportgenerator.graph.responseTimeDistribution.exclude_controllers' not found, using default value 'false' instead.
2025-04-11 21:48:56,263 INFO o.a.j.r.c.ReportGeneratorConfiguration: Property 'jmeter.reportgenerator.graph.transactionsPerSecond.exclude_controllers' not found, using default value 'false' instead.
2025-04-11 21:48:56,263 INFO o.a.j.r.c.ReportGeneratorConfiguration: Property 'jmeter.reportgenerator.graph.responseTimePercentiles.exclude_controllers' not found, using default value 'false' instead.
2025-04-11 21:48:56,263 INFO o.a.j.r.c.ReportGeneratorConfiguration: Property 'jmeter.reportgenerator.graph.responseTimePercentilesOverTime.exclude_controllers' not found, using default value 'false' instead.
2025-04-11 21:48:56,263 INFO o.a.j.r.c.ReportGeneratorConfiguration: Property 'jmeter.reportgenerator.graph.responseTimesOverTime.exclude_controllers' not found, using default value 'false' instead.
2025-04-11 21:48:56,263 INFO o.a.j.r.c.ReportGeneratorConfiguration: Property 'jmeter.reportgenerator.graph.connectTimeOverTime.exclude_controllers' not found, using default value 'false' instead.
2025-04-11 21:48:56,263 INFO o.a.j.r.c.ReportGeneratorConfiguration: Property 'jmeter.reportgenerator.graph.latenciesOverTime.exclude_controllers' not found, using default value 'false' instead.
2025-04-11 21:48:56,263 INFO o.a.j.r.c.ReportGeneratorConfiguration: Property 'jmeter.reportgenerator.exporter.json.filters_only_sample_series' not found, using default value 'true' instead.
2025-04-11 21:48:56,263 INFO o.a.j.r.c.ReportGeneratorConfiguration: Property 'jmeter.reportgenerator.exporter.json.series_filter' not found, using default value '' instead.
2025-04-11 21:48:56,265 INFO o.a.j.r.c.ReportGeneratorConfiguration: Property 'jmeter.reportgenerator.exporter.json.show_controllers_only' not found, using default value 'false' instead.
2025-04-11 21:48:56,265 INFO o.a.j.r.c.ReportGeneratorConfiguration: Property 'jmeter.reportgenerator.exporter.html.filters_only_sample_series' not found, using default value 'true' instead.
2025-04-11 21:48:56,265 INFO o.a.j.r.c.ReportGeneratorConfiguration: Property 'jmeter.reportgenerator.exporter.html.series_filter' not found, using default value '' instead.
2025-04-11 21:48:56,265 INFO o.a.j.r.c.ReportGeneratorConfiguration: Property 'jmeter.reportgenerator.exporter.html.show_controllers_only' not found, using default value 'false' instead.
2025-04-11 21:48:56,276 INFO o.a.j.e.StandardJMeterEngine: Running the test!
2025-04-11 21:48:56,276 INFO o.a.j.s.SampleEvent: List of sample_variables: []
2025-04-11 21:48:56,276 INFO o.a.j.s.SampleEvent: List of sample_variables: []
2025-04-11 21:48:56,280 INFO o.a.j.e.u.CompoundVariable: Note: Function class names must contain the string: '.functions.'
2025-04-11 21:48:56,280 INFO o.a.j.e.u.CompoundVariable: Note: Function class names must not contain the string: '.gui.'
2025-04-11 21:48:56,362 INFO o.a.j.JMeter: Running test (1744397336362)
2025-04-11 21:48:56,378 INFO o.a.j.e.StandardJMeterEngine: Starting ThreadGroup: 1 : Mantis Scenario
2025-04-11 21:48:56,378 INFO o.a.j.e.StandardJMeterEngine: Starting 1 threads for group Mantis Scenario.
2025-04-11 21:48:56,378 INFO o.a.j.e.StandardJMeterEngine: Thread will continue on error
2025-04-11 21:48:56,379 INFO o.a.j.t.ThreadGroup: Starting thread group... number=1 threads=1 ramp-up=1 delayedStart=false
2025-04-11 21:48:56,382 INFO o.a.j.t.ThreadGroup: Started thread group number 1
2025-04-11 21:48:56,382 INFO o.a.j.e.StandardJMeterEngine: All thread groups have been started
2025-04-11 21:48:56,383 INFO o.a.j.t.JMeterThread: Thread started: Mantis Scenario 1-1
2025-04-11 21:48:56,399 INFO o.a.j.p.h.s.HTTPHCAbstractImpl: Local host = NekoTyan
2025-04-11 21:48:56,403 INFO o.a.j.p.h.s.HTTPHC4Impl: HTTP request retry count = 0
2025-04-11 21:48:56,403 INFO o.a.j.s.SampleResult: Note: Sample TimeStamps are START times
2025-04-11 21:48:56,403 INFO o.a.j.s.SampleResult: sampleresult.default.encoding is set to UTF-8
2025-04-11 21:48:56,403 INFO o.a.j.s.SampleResult: sampleresult.useNanoTime=true
2025-04-11 21:48:56,403 INFO o.a.j.s.SampleResult: sampleresult.nanoThreadSleep=5000
2025-04-11 21:48:56,835 INFO o.a.j.t.JMeterThread: Thread is done: Mantis Scenario 1-1
2025-04-11 21:48:56,835 INFO o.a.j.t.JMeterThread: Thread finished: Mantis Scenario 1-1
2025-04-11 21:48:56,835 INFO o.a.j.e.StandardJMeterEngine: Notifying test listeners of end of test
2025-04-11 21:48:56,837 INFO o.a.j.r.Summariser: summary =      5 in 00:00:00 =   10.5/s Avg:    77 Min:    62 Max:    98 Err:     1 (20.00%)
2025-04-11 21:48:56,839 INFO o.a.j.JMeter: Generating Dashboard
2025-04-11 21:48:56,839 INFO o.a.j.r.d.ReportGenerator: Flushing result collector before report Generation
2025-04-11 21:48:56,858 INFO o.a.j.r.p.NormalizerSampleConsumer: Using format, 'ms', to parse timeStamp field
2025-04-11 21:48:56,930 INFO o.a.j.r.p.AbstractSampleConsumer: class org.apache.jmeter.report.processor.AggregateConsumer#stopProducing(): beginDate produced 0 samples
2025-04-11 21:48:56,932 INFO o.a.j.r.p.AbstractSampleConsumer: class org.apache.jmeter.report.processor.AggregateConsumer#stopProducing(): endDate produced 0 samples
2025-04-11 21:48:56,933 INFO o.a.j.r.p.AbstractSampleConsumer: class org.apache.jmeter.report.processor.ApdexSummaryConsumer#stopProducing(): apdexSummary produced 0 samples
2025-04-11 21:48:56,933 INFO o.a.j.r.p.AbstractSampleConsumer: class org.apache.jmeter.report.processor.RequestsSummaryConsumer#stopProducing(): requestsSummary produced 0 samples
2025-04-11 21:48:56,938 INFO o.a.j.r.p.AbstractSampleConsumer: class org.apache.jmeter.report.processor.StatisticsSummaryConsumer#stopProducing(): statisticsSummary produced 0 samples
2025-04-11 21:48:56,939 INFO o.a.j.r.p.AbstractSampleConsumer: class org.apache.jmeter.report.processor.Top5ErrorsBySamplerConsumer#stopProducing(): top5ErrorsBySampler produced 0 samples
2025-04-11 21:48:56,939 INFO o.a.j.r.p.AbstractSampleConsumer: class org.apache.jmeter.report.processor.ErrorsSummaryConsumer#stopProducing(): errorsSummary produced 0 samples
2025-04-11 21:48:56,939 INFO o.a.j.r.p.AbstractSampleConsumer: class org.apache.jmeter.report.processor.graph.impl.HitsPerSecondGraphConsumer#stopProducing(): hitsPerSecond produced 0 samples
2025-04-11 21:48:56,957 INFO o.a.j.r.p.AbstractSampleConsumer: class org.apache.jmeter.report.processor.graph.impl.LatencyVSRequestGraphConsumer#stopProducing(): latencyVsRequest produced 0 samples
2025-04-11 21:48:56,958 INFO o.a.j.r.p.AbstractSampleConsumer: class org.apache.jmeter.report.processor.graph.impl.SyntheticResponseTimeDistributionGraphConsumer#stopProducing(): syntheticResponseTimeDistribution produced 0 samples
2025-04-11 21:48:56,958 INFO o.a.j.r.p.AbstractSampleConsumer: class org.apache.jmeter.report.processor.graph.impl.BytesThroughputGraphConsumer#stopProducing(): bytesThroughputOverTime produced 0 samples
2025-04-11 21:48:56,958 INFO o.a.j.r.p.AbstractSampleConsumer: class org.apache.jmeter.report.processor.graph.impl.CodesPerSecondGraphConsumer#stopProducing(): codesPerSecond produced 0 samples
2025-04-11 21:48:56,961 INFO o.a.j.r.p.AbstractSampleConsumer: class org.apache.jmeter.report.processor.graph.impl.ResponseTimeVSRequestGraphConsumer#stopProducing(): responseTimeVsRequest produced 0 samples
2025-04-11 21:48:56,961 INFO o.a.j.r.p.AbstractSampleConsumer: class org.apache.jmeter.report.processor.FilterConsumer#stopProducing(): startIntervalControlerFilter produced 35 samples
2025-04-11 21:48:56,961 INFO o.a.j.r.p.AbstractSampleConsumer: class org.apache.jmeter.report.processor.graph.impl.TotalTPSGraphConsumer#stopProducing(): totalTPS produced 0 samples
2025-04-11 21:48:56,961 INFO o.a.j.r.p.AbstractSampleConsumer: class org.apache.jmeter.report.processor.graph.impl.ActiveThreadsGraphConsumer#stopProducing(): activeThreadsOverTime produced 0 samples
2025-04-11 21:48:56,961 INFO o.a.j.r.p.AbstractSampleConsumer: class org.apache.jmeter.report.processor.graph.impl.TimeVSThreadGraphConsumer#stopProducing(): timeVsThreads produced 0 samples
2025-04-11 21:48:56,961 INFO o.a.j.r.p.AbstractSampleConsumer: class org.apache.jmeter.report.processor.graph.impl.ResponseTimeDistributionGraphConsumer#stopProducing(): responseTimeDistribution produced 0 samples
2025-04-11 21:48:56,961 INFO o.a.j.r.p.AbstractSampleConsumer: class org.apache.jmeter.report.processor.graph.impl.TransactionsPerSecondGraphConsumer#stopProducing(): transactionsPerSecond produced 0 samples
2025-04-11 21:48:56,961 INFO o.a.j.r.p.AbstractSampleConsumer: class org.apache.jmeter.report.processor.graph.impl.ResponseTimePercentilesGraphConsumer#stopProducing(): responseTimePercentiles produced 0 samples
2025-04-11 21:48:56,962 INFO o.a.j.r.p.AbstractSampleConsumer: class org.apache.jmeter.report.processor.graph.impl.ResponseTimePercentilesOverTimeGraphConsumer#stopProducing(): responseTimePercentilesOverTime produced 0 samples
2025-04-11 21:48:56,963 INFO o.a.j.r.p.AbstractSampleConsumer: class org.apache.jmeter.report.processor.graph.impl.ResponseTimeOverTimeGraphConsumer#stopProducing(): responseTimesOverTime produced 0 samples
2025-04-11 21:48:56,963 INFO o.a.j.r.p.AbstractSampleConsumer: class org.apache.jmeter.report.processor.graph.impl.ConnectTimeOverTimeGraphConsumer#stopProducing(): connectTimeOverTime produced 0 samples
2025-04-11 21:48:56,963 INFO o.a.j.r.p.AbstractSampleConsumer: class org.apache.jmeter.report.processor.graph.impl.LatencyOverTimeGraphConsumer#stopProducing(): latenciesOverTime produced 0 samples
2025-04-11 21:48:56,963 INFO o.a.j.r.p.AbstractSampleConsumer: class org.apache.jmeter.report.processor.FilterConsumer#stopProducing(): nameFilter produced 75 samples
2025-04-11 21:48:56,963 INFO o.a.j.r.p.AbstractSampleConsumer: class org.apache.jmeter.report.processor.FilterConsumer#stopProducing(): dateRangeFilter produced 15 samples
2025-04-11 21:48:56,963 INFO o.a.j.r.p.AbstractSampleConsumer: class org.apache.jmeter.report.processor.NormalizerSampleConsumer#stopProducing(): normalizer produced 5 samples
2025-04-11 21:48:56,963 INFO o.a.j.r.p.CsvFileSampleSource: produce(): 5 samples produced in 80ms on channel 0
2025-04-11 21:48:56,963 INFO o.a.j.r.d.ReportGenerator: Exporting data using exporter:'json' of className:'org.apache.jmeter.report.dashboard.JsonExporter'
2025-04-11 21:48:57,019 INFO o.a.j.r.d.JsonExporter: Found data for consumer statisticsSummary in context
2025-04-11 21:48:57,019 INFO o.a.j.r.d.JsonExporter: Creating statistics for overall
2025-04-11 21:48:57,020 INFO o.a.j.r.d.JsonExporter: Creating statistics for other transactions
2025-04-11 21:48:57,020 INFO o.a.j.r.d.JsonExporter: Checking output folder
2025-04-11 21:48:57,022 INFO o.a.j.r.d.JsonExporter: Writing statistics JSON to C:\JMeterTask19\report\statistics.json
2025-04-11 21:48:57,059 INFO o.a.j.r.d.ReportGenerator: Exporting data using exporter:'html' of className:'org.apache.jmeter.report.dashboard.HtmlTemplateExporter'
2025-04-11 21:48:57,062 INFO o.a.j.r.d.HtmlTemplateExporter: Will generate dashboard in folder: C:\JMeterTask19\report
2025-04-11 21:48:57,150 INFO o.a.j.r.d.HtmlTemplateExporter: Report will be generated in: C:\JMeterTask19\report, creating folder structure
2025-04-11 21:48:57,153 INFO o.a.j.r.d.TemplateVisitor: Copying folder from 'C:\Users\romad\OneDrive\Рабочий стол\1\apache-jmeter-5.6.3\bin\report-template' to 'C:\JMeterTask19\report', got message: C:\JMeterTask19\report, found non empty folder with following content [C:\JMeterTask19\report\statistics.json], will be ignored
2025-04-11 21:48:57,389 INFO o.a.j.JMeter: Dashboard generated
