2025-04-19 07:09:49,049 INFO o.a.j.u.JMeterUtils: Setting Locale to en_EN
2025-04-19 07:09:49,065 INFO o.a.j.JMeter: Loading user properties from: user.properties
2025-04-19 07:09:49,066 INFO o.a.j.JMeter: Loading system properties from: C:\Users\romad\OneDrive\Рабочий стол\1\apache-jmeter-5.6.3\bin\system.properties
2025-04-19 07:09:49,073 INFO o.a.j.JMeter: Copyright (c) 1998-2024 The Apache Software Foundation
2025-04-19 07:09:49,073 INFO o.a.j.JMeter: Version 5.6.3
2025-04-19 07:09:49,073 INFO o.a.j.JMeter: java.version=24
2025-04-19 07:09:49,073 INFO o.a.j.JMeter: java.vm.name=Java HotSpot(TM) 64-Bit Server VM
2025-04-19 07:09:49,073 INFO o.a.j.JMeter: os.name=Windows 11
2025-04-19 07:09:49,073 INFO o.a.j.JMeter: os.arch=amd64
2025-04-19 07:09:49,073 INFO o.a.j.JMeter: os.version=10.0
2025-04-19 07:09:49,073 INFO o.a.j.JMeter: file.encoding=UTF-8
2025-04-19 07:09:49,073 INFO o.a.j.JMeter: java.awt.headless=true
2025-04-19 07:09:49,073 INFO o.a.j.JMeter: Max memory     =1073741824
2025-04-19 07:09:49,074 INFO o.a.j.JMeter: Available Processors =12
2025-04-19 07:09:49,085 INFO o.a.j.JMeter: Default Locale=English (EN)
2025-04-19 07:09:49,085 INFO o.a.j.JMeter: JMeter  Locale=English (EN)
2025-04-19 07:09:49,085 INFO o.a.j.JMeter: JMeterHome=C:\Users\romad\OneDrive\Рабочий стол\1\apache-jmeter-5.6.3
2025-04-19 07:09:49,085 INFO o.a.j.JMeter: user.dir  =C:\Users\romad\OneDrive\Документы\GitHub\AT2\Framework\jmeter
2025-04-19 07:09:49,086 INFO o.a.j.JMeter: PWD       =C:\Users\romad\OneDrive\Документы\GitHub\AT2\Framework\jmeter
2025-04-19 07:09:49,092 INFO o.a.j.JMeter: IP: 192.168.0.119 Name: NekoTyan FullName: NekoTyan
